<?xml version="1.0" encoding="UTF-8"?>
<!-- Generated by org.testng.reporters.JUnitXMLReporter -->
<testsuite hostname="LAPTOP-SKKLGSGO" ignored="0" name="Test" tests="5" failures="0" timestamp="19 Jul 2020 10:49:54 GMT" time="130.035" errors="0">
  <testcase name="verifyPageTitle" time="0.052" classname="testing.demo.VeriyPageClass"/>
  <testcase name="RegristrationFormTest" time="9.287" classname="testing.demo.RegristrationClass"/>
  <testcase name="signInTest" time="7.655" classname="testing.demo.LoginClass"/>
  <testcase name="searchTest" time="8.103" classname="testing.demo.SearchClass"/>
  <testcase name="addToCartTest" time="6.408" classname="testing.demo.AddToCartClass"/>
</testsuite> <!-- Test -->
